# JRE version: OpenJDK Runtime Environment Temurin-21.0.9+10 (21.0.9+10) (build 21.0.9+10-LTS)
# Java VM: OpenJDK 64-Bit Server VM Temurin-21.0.9+10 (21.0.9+10-LTS, mixed mode, emulated-client, sharing, tiered, compressed oops, compressed class ptrs, g1 gc, windows-amd64)
GC Precious Log:
 CardTable entry size: 512
 Card Set container configuration: InlinePtr #cards 5 size 8 Array Of Cards #cards 12 size 40 Howl #buckets 4 coarsen threshold 1843 Howl Bitmap #cards 512 size 80 coarsen threshold 460 Card regions per heap region 1 cards per card region 2048
 CPUs: 8 total, 8 available
 Memory: 7934M
 Large Page Support: Disabled
 NUMA Support: Disabled
 Compressed Oops: Enabled (32-bit)
 Heap Region Size: 1M
 Heap Min Capacity: 8M
 Heap Initial Capacity: 124M
 Heap Max Capacity: 1984M
 Pre-touch: Disabled
 Parallel Workers: 8
 Concurrent Workers: 2
 Concurrent Refinement Workers: 8
 Periodic GC: Disabled
Heap:
 garbage-first heap   total 83968K, used 58131K [0x0000000084000000, 0x0000000100000000)
  region size 1024K, 3 young (3072K), 3 survivors (3072K)
 Metaspace       used 29393K, committed 29824K, reserved 1114112K
  class space    used 4117K, committed 4288K, reserved 1048576K
GC Heap History (20 events):
Event: 27.871 GC heap after
{Heap after GC invocations=5 (full 0):
 garbage-first heap   total 51200K, used 17944K [0x0000000084000000, 0x0000000100000000)
  region size 1024K, 3 young (3072K), 3 survivors (3072K)
 Metaspace       used 24946K, committed 25472K, reserved 1114112K
  class space    used 3436K, committed 3648K, reserved 1048576K
}
Event: 30.017 GC heap before
{Heap before GC invocations=5 (full 0):
 garbage-first heap   total 51200K, used 38424K [0x0000000084000000, 0x0000000100000000)
  region size 1024K, 23 young (23552K), 3 survivors (3072K)
 Metaspace       used 28416K, committed 28992K, reserved 1114112K
  class space    used 3988K, committed 4224K, reserved 1048576K
}
Event: 30.023 GC heap after
{Heap after GC invocations=6 (full 0):
 garbage-first heap   total 51200K, used 20155K [0x0000000084000000, 0x0000000100000000)
  region size 1024K, 3 young (3072K), 3 survivors (3072K)
 Metaspace       used 28416K, committed 28992K, reserved 1114112K
  class space    used 3988K, committed 4224K, reserved 1048576K
}
Event: 30.223 GC heap before
{Heap before GC invocations=6 (full 0):
 garbage-first heap   total 51200K, used 38587K [0x0000000084000000, 0x0000000100000000)
  region size 1024K, 22 young (22528K), 3 survivors (3072K)
 Metaspace       used 28846K, committed 29376K, reserved 1114112K
  class space    used 4047K, committed 4288K, reserved 1048576K
}
Event: 30.228 GC heap after
{Heap after GC invocations=7 (full 0):
 garbage-first heap   total 51200K, used 24521K [0x0000000084000000, 0x0000000100000000)
  region size 1024K, 3 young (3072K), 3 survivors (3072K)
 Metaspace       used 28846K, committed 29376K, reserved 1114112K
  class space    used 4047K, committed 4288K, reserved 1048576K
}
Event: 30.294 GC heap before
{Heap before GC invocations=7 (full 0):
 garbage-first heap   total 51200K, used 41929K [0x0000000084000000, 0x0000000100000000)
  region size 1024K, 20 young (20480K), 3 survivors (3072K)
 Metaspace       used 28920K, committed 29440K, reserved 1114112K
  class space    used 4062K, committed 4288K, reserved 1048576K
}
Event: 30.298 GC heap after
{Heap after GC invocations=8 (full 0):
 garbage-first heap   total 51200K, used 26967K [0x0000000084000000, 0x0000000100000000)
  region size 1024K, 3 young (3072K), 3 survivors (3072K)
 Metaspace       used 28920K, committed 29440K, reserved 1114112K
  class space    used 4062K, committed 4288K, reserved 1048576K
}
Event: 30.376 GC heap before
{Heap before GC invocations=8 (full 0):
 garbage-first heap   total 51200K, used 41303K [0x0000000084000000, 0x0000000100000000)
  region size 1024K, 18 young (18432K), 3 survivors (3072K)
 Metaspace       used 29014K, committed 29504K, reserved 1114112K
  class space    used 4073K, committed 4288K, reserved 1048576K
}
Event: 30.382 GC heap after
{Heap after GC invocations=9 (full 0):
 garbage-first heap   total 51200K, used 30182K [0x0000000084000000, 0x0000000100000000)
  region size 1024K, 3 young (3072K), 3 survivors (3072K)
 Metaspace       used 29014K, committed 29504K, reserved 1114112K
  class space    used 4073K, committed 4288K, reserved 1048576K
}
Event: 30.477 GC heap before
{Heap before GC invocations=10 (full 0):
 garbage-first heap   total 51200K, used 43494K [0x0000000084000000, 0x0000000100000000)
  region size 1024K, 16 young (16384K), 3 survivors (3072K)
 Metaspace       used 28951K, committed 29504K, reserved 1114112K
  class space    used 4055K, committed 4288K, reserved 1048576K
}
Event: 30.481 GC heap after
{Heap after GC invocations=11 (full 0):
 garbage-first heap   total 51200K, used 31915K [0x0000000084000000, 0x0000000100000000)
  region size 1024K, 2 young (2048K), 2 survivors (2048K)
 Metaspace       used 28951K, committed 29504K, reserved 1114112K
  class space    used 4055K, committed 4288K, reserved 1048576K
}
Event: 30.564 GC heap before
{Heap before GC invocations=11 (full 0):
 garbage-first heap   total 51200K, used 44203K [0x0000000084000000, 0x0000000100000000)
  region size 1024K, 14 young (14336K), 2 survivors (2048K)
 Metaspace       used 28951K, committed 29504K, reserved 1114112K
  class space    used 4055K, committed 4288K, reserved 1048576K
}
Event: 30.569 GC heap after
{Heap after GC invocations=12 (full 0):
 garbage-first heap   total 79872K, used 32978K [0x0000000084000000, 0x0000000100000000)
  region size 1024K, 2 young (2048K), 2 survivors (2048K)
 Metaspace       used 28951K, committed 29504K, reserved 1114112K
  class space    used 4055K, committed 4288K, reserved 1048576K
}
Event: 30.765 GC heap before
{Heap before GC invocations=12 (full 0):
 garbage-first heap   total 79872K, used 64722K [0x0000000084000000, 0x0000000100000000)
  region size 1024K, 33 young (33792K), 2 survivors (2048K)
 Metaspace       used 28951K, committed 29504K, reserved 1114112K
  class space    used 4055K, committed 4288K, reserved 1048576K
}
Event: 30.773 GC heap after
{Heap after GC invocations=13 (full 0):
 garbage-first heap   total 79872K, used 37636K [0x0000000084000000, 0x0000000100000000)
  region size 1024K, 5 young (5120K), 5 survivors (5120K)
 Metaspace       used 28951K, committed 29504K, reserved 1114112K
  class space    used 4055K, committed 4288K, reserved 1048576K
}
Event: 30.869 GC heap before
{Heap before GC invocations=13 (full 0):
 garbage-first heap   total 79872K, used 66308K [0x0000000084000000, 0x0000000100000000)
  region size 1024K, 33 young (33792K), 5 survivors (5120K)
 Metaspace       used 28951K, committed 29504K, reserved 1114112K
  class space    used 4055K, committed 4288K, reserved 1048576K
}
Event: 30.879 GC heap after
{Heap after GC invocations=14 (full 0):
 garbage-first heap   total 79872K, used 45214K [0x0000000084000000, 0x0000000100000000)
  region size 1024K, 5 young (5120K), 5 survivors (5120K)
 Metaspace       used 28951K, committed 29504K, reserved 1114112K
  class space    used 4055K, committed 4288K, reserved 1048576K
}
Event: 31.136 GC heap before
{Heap before GC invocations=14 (full 0):
 garbage-first heap   total 79872K, used 65694K [0x0000000084000000, 0x0000000100000000)
  region size 1024K, 26 young (26624K), 5 survivors (5120K)
 Metaspace       used 29200K, committed 29632K, reserved 1114112K
  class space    used 4107K, committed 4288K, reserved 1048576K
}
Event: 31.144 GC heap after
{Heap after GC invocations=15 (full 0):
 garbage-first heap   total 79872K, used 49833K [0x0000000084000000, 0x0000000100000000)
  region size 1024K, 4 young (4096K), 4 survivors (4096K)
 Metaspace       used 29200K, committed 29632K, reserved 1114112K
  class space    used 4107K, committed 4288K, reserved 1048576K
}
Event: 31.267 GC heap before
{Heap before GC invocations=16 (full 0):
 garbage-first heap   total 83968K, used 68265K [0x0000000084000000, 0x0000000100000000)
  region size 1024K, 22 young (22528K), 4 survivors (4096K)
 Metaspace       used 29393K, committed 29824K, reserved 1114112K
  class space    used 4117K, committed 4288K, reserved 1048576K
}

