# JRE version: OpenJDK Runtime Environment Temurin-21.0.9+10 (21.0.9+10) (build 21.0.9+10-LTS)
# Java VM: OpenJDK 64-Bit Server VM Temurin-21.0.9+10 (21.0.9+10-LTS, mixed mode, emulated-client, sharing, tiered, compressed oops, compressed class ptrs, g1 gc, windows-amd64)
GC Precious Log:
 CardTable entry size: 512
 Card Set container configuration: InlinePtr #cards 5 size 8 Array Of Cards #cards 12 size 40 Howl #buckets 4 coarsen threshold 1843 Howl Bitmap #cards 512 size 80 coarsen threshold 460 Card regions per heap region 1 cards per card region 2048
 CPUs: 8 total, 8 available
 Memory: 7934M
 Large Page Support: Disabled
 NUMA Support: Disabled
 Compressed Oops: Enabled (32-bit)
 Heap Region Size: 1M
 Heap Min Capacity: 8M
 Heap Initial Capacity: 124M
 Heap Max Capacity: 1984M
 Pre-touch: Disabled
 Parallel Workers: 8
 Concurrent Workers: 2
 Concurrent Refinement Workers: 8
 Periodic GC: Disabled
Heap:
 garbage-first heap   total 122880K, used 35760K [0x0000000084000000, 0x0000000100000000)
  region size 1024K, 1 young (1024K), 0 survivors (0K)
 Metaspace       used 51924K, committed 53184K, reserved 1114112K
  class space    used 7392K, committed 7872K, reserved 1048576K
GC Heap History (20 events):
Event: 4311.270 GC heap after
{Heap after GC invocations=394 (full 354):
 garbage-first heap   total 122880K, used 35760K [0x0000000084000000, 0x0000000100000000)
  region size 1024K, 0 young (0K), 0 survivors (0K)
 Metaspace       used 51924K, committed 53184K, reserved 1114112K
  class space    used 7392K, committed 7872K, reserved 1048576K
}
Event: 4323.125 GC heap before
{Heap before GC invocations=394 (full 354):
 garbage-first heap   total 122880K, used 35760K [0x0000000084000000, 0x0000000100000000)
  region size 1024K, 1 young (1024K), 0 survivors (0K)
 Metaspace       used 51924K, committed 53184K, reserved 1114112K
  class space    used 7392K, committed 7872K, reserved 1048576K
}
Event: 4323.192 GC heap after
{Heap after GC invocations=395 (full 355):
 garbage-first heap   total 122880K, used 35760K [0x0000000084000000, 0x0000000100000000)
  region size 1024K, 0 young (0K), 0 survivors (0K)
 Metaspace       used 51924K, committed 53184K, reserved 1114112K
  class space    used 7392K, committed 7872K, reserved 1048576K
}
Event: 4335.420 GC heap before
{Heap before GC invocations=395 (full 355):
 garbage-first heap   total 122880K, used 35760K [0x0000000084000000, 0x0000000100000000)
  region size 1024K, 1 young (1024K), 0 survivors (0K)
 Metaspace       used 51924K, committed 53184K, reserved 1114112K
  class space    used 7392K, committed 7872K, reserved 1048576K
}
Event: 4335.518 GC heap after
{Heap after GC invocations=396 (full 356):
 garbage-first heap   total 122880K, used 35760K [0x0000000084000000, 0x0000000100000000)
  region size 1024K, 0 young (0K), 0 survivors (0K)
 Metaspace       used 51924K, committed 53184K, reserved 1114112K
  class space    used 7392K, committed 7872K, reserved 1048576K
}
Event: 4347.367 GC heap before
{Heap before GC invocations=396 (full 356):
 garbage-first heap   total 122880K, used 35760K [0x0000000084000000, 0x0000000100000000)
  region size 1024K, 1 young (1024K), 0 survivors (0K)
 Metaspace       used 51924K, committed 53184K, reserved 1114112K
  class space    used 7392K, committed 7872K, reserved 1048576K
}
Event: 4347.531 GC heap after
{Heap after GC invocations=397 (full 357):
 garbage-first heap   total 122880K, used 35760K [0x0000000084000000, 0x0000000100000000)
  region size 1024K, 0 young (0K), 0 survivors (0K)
 Metaspace       used 51924K, committed 53184K, reserved 1114112K
  class space    used 7392K, committed 7872K, reserved 1048576K
}
Event: 4359.485 GC heap before
{Heap before GC invocations=397 (full 357):
 garbage-first heap   total 122880K, used 35760K [0x0000000084000000, 0x0000000100000000)
  region size 1024K, 1 young (1024K), 0 survivors (0K)
 Metaspace       used 51924K, committed 53184K, reserved 1114112K
  class space    used 7392K, committed 7872K, reserved 1048576K
}
Event: 4359.548 GC heap after
{Heap after GC invocations=398 (full 358):
 garbage-first heap   total 122880K, used 35760K [0x0000000084000000, 0x0000000100000000)
  region size 1024K, 0 young (0K), 0 survivors (0K)
 Metaspace       used 51924K, committed 53184K, reserved 1114112K
  class space    used 7392K, committed 7872K, reserved 1048576K
}
Event: 4370.990 GC heap before
{Heap before GC invocations=398 (full 358):
 garbage-first heap   total 122880K, used 35760K [0x0000000084000000, 0x0000000100000000)
  region size 1024K, 1 young (1024K), 0 survivors (0K)
 Metaspace       used 51924K, committed 53184K, reserved 1114112K
  class space    used 7392K, committed 7872K, reserved 1048576K
}
Event: 4371.187 GC heap after
{Heap after GC invocations=399 (full 359):
 garbage-first heap   total 122880K, used 35760K [0x0000000084000000, 0x0000000100000000)
  region size 1024K, 0 young (0K), 0 survivors (0K)
 Metaspace       used 51924K, committed 53184K, reserved 1114112K
  class space    used 7392K, committed 7872K, reserved 1048576K
}
Event: 4383.335 GC heap before
{Heap before GC invocations=399 (full 359):
 garbage-first heap   total 122880K, used 35760K [0x0000000084000000, 0x0000000100000000)
  region size 1024K, 1 young (1024K), 0 survivors (0K)
 Metaspace       used 51924K, committed 53184K, reserved 1114112K
  class space    used 7392K, committed 7872K, reserved 1048576K
}
Event: 4383.542 GC heap after
{Heap after GC invocations=400 (full 360):
 garbage-first heap   total 122880K, used 35760K [0x0000000084000000, 0x0000000100000000)
  region size 1024K, 0 young (0K), 0 survivors (0K)
 Metaspace       used 51924K, committed 53184K, reserved 1114112K
  class space    used 7392K, committed 7872K, reserved 1048576K
}
Event: 4395.536 GC heap before
{Heap before GC invocations=400 (full 360):
 garbage-first heap   total 122880K, used 35760K [0x0000000084000000, 0x0000000100000000)
  region size 1024K, 1 young (1024K), 0 survivors (0K)
 Metaspace       used 51924K, committed 53184K, reserved 1114112K
  class space    used 7392K, committed 7872K, reserved 1048576K
}
Event: 4395.609 GC heap after
{Heap after GC invocations=401 (full 361):
 garbage-first heap   total 122880K, used 35760K [0x0000000084000000, 0x0000000100000000)
  region size 1024K, 0 young (0K), 0 survivors (0K)
 Metaspace       used 51924K, committed 53184K, reserved 1114112K
  class space    used 7392K, committed 7872K, reserved 1048576K
}
Event: 4406.463 GC heap before
{Heap before GC invocations=401 (full 361):
 garbage-first heap   total 122880K, used 35760K [0x0000000084000000, 0x0000000100000000)
  region size 1024K, 1 young (1024K), 0 survivors (0K)
 Metaspace       used 51924K, committed 53184K, reserved 1114112K
  class space    used 7392K, committed 7872K, reserved 1048576K
}
Event: 4406.742 GC heap after
{Heap after GC invocations=402 (full 362):
 garbage-first heap   total 122880K, used 35760K [0x0000000084000000, 0x0000000100000000)
  region size 1024K, 0 young (0K), 0 survivors (0K)
 Metaspace       used 51924K, committed 53184K, reserved 1114112K
  class space    used 7392K, committed 7872K, reserved 1048576K
}
Event: 4417.814 GC heap before
{Heap before GC invocations=402 (full 362):
 garbage-first heap   total 122880K, used 35760K [0x0000000084000000, 0x0000000100000000)
  region size 1024K, 1 young (1024K), 0 survivors (0K)
 Metaspace       used 51924K, committed 53184K, reserved 1114112K
  class space    used 7392K, committed 7872K, reserved 1048576K
}
Event: 4418.131 GC heap after
{Heap after GC invocations=403 (full 363):
 garbage-first heap   total 122880K, used 35760K [0x0000000084000000, 0x0000000100000000)
  region size 1024K, 0 young (0K), 0 survivors (0K)
 Metaspace       used 51924K, committed 53184K, reserved 1114112K
  class space    used 7392K, committed 7872K, reserved 1048576K
}
Event: 4428.464 GC heap before
{Heap before GC invocations=403 (full 363):
 garbage-first heap   total 122880K, used 35760K [0x0000000084000000, 0x0000000100000000)
  region size 1024K, 1 young (1024K), 0 survivors (0K)
 Metaspace       used 51924K, committed 53184K, reserved 1114112K
  class space    used 7392K, committed 7872K, reserved 1048576K
}

