# JRE version: OpenJDK Runtime Environment Temurin-21.0.9+10 (21.0.9+10) (build 21.0.9+10-LTS)
# Java VM: OpenJDK 64-Bit Server VM Temurin-21.0.9+10 (21.0.9+10-LTS, mixed mode, emulated-client, sharing, tiered, compressed oops, compressed class ptrs, g1 gc, windows-amd64)
GC Precious Log:
 CardTable entry size: 512
 Card Set container configuration: InlinePtr #cards 5 size 8 Array Of Cards #cards 12 size 40 Howl #buckets 4 coarsen threshold 1843 Howl Bitmap #cards 512 size 80 coarsen threshold 460 Card regions per heap region 1 cards per card region 2048
 CPUs: 8 total, 8 available
 Memory: 7934M
 Large Page Support: Disabled
 NUMA Support: Disabled
 Compressed Oops: Enabled (32-bit)
 Heap Region Size: 1M
 Heap Min Capacity: 8M
 Heap Initial Capacity: 124M
 Heap Max Capacity: 1984M
 Pre-touch: Disabled
 Parallel Workers: 8
 Concurrent Workers: 2
 Concurrent Refinement Workers: 8
 Periodic GC: Disabled
Heap:
 garbage-first heap   total 137216K, used 75587K [0x0000000084000000, 0x0000000100000000)
  region size 1024K, 4 young (4096K), 4 survivors (4096K)
 Metaspace       used 29214K, committed 29696K, reserved 1114112K
  class space    used 4103K, committed 4288K, reserved 1048576K
GC Heap History (20 events):
Event: 9.450 GC heap after
{Heap after GC invocations=9 (full 0):
 garbage-first heap   total 51200K, used 31554K [0x0000000084000000, 0x0000000100000000)
  region size 1024K, 3 young (3072K), 3 survivors (3072K)
 Metaspace       used 29035K, committed 29568K, reserved 1114112K
  class space    used 4074K, committed 4288K, reserved 1048576K
}
Event: 9.569 GC heap before
{Heap before GC invocations=10 (full 0):
 garbage-first heap   total 53248K, used 43842K [0x0000000084000000, 0x0000000100000000)
  region size 1024K, 15 young (15360K), 3 survivors (3072K)
 Metaspace       used 29042K, committed 29568K, reserved 1114112K
  class space    used 4076K, committed 4288K, reserved 1048576K
}
Event: 9.573 GC heap after
{Heap after GC invocations=11 (full 0):
 garbage-first heap   total 68608K, used 33275K [0x0000000084000000, 0x0000000100000000)
  region size 1024K, 2 young (2048K), 2 survivors (2048K)
 Metaspace       used 29042K, committed 29568K, reserved 1114112K
  class space    used 4076K, committed 4288K, reserved 1048576K
}
Event: 9.726 GC heap before
{Heap before GC invocations=11 (full 0):
 garbage-first heap   total 68608K, used 55803K [0x0000000084000000, 0x0000000100000000)
  region size 1024K, 24 young (24576K), 2 survivors (2048K)
 Metaspace       used 29042K, committed 29568K, reserved 1114112K
  class space    used 4076K, committed 4288K, reserved 1048576K
}
Event: 9.731 GC heap after
{Heap after GC invocations=12 (full 0):
 garbage-first heap   total 68608K, used 35152K [0x0000000084000000, 0x0000000100000000)
  region size 1024K, 3 young (3072K), 3 survivors (3072K)
 Metaspace       used 29042K, committed 29568K, reserved 1114112K
  class space    used 4076K, committed 4288K, reserved 1048576K
}
Event: 10.082 GC heap before
{Heap before GC invocations=12 (full 0):
 garbage-first heap   total 68608K, used 57680K [0x0000000084000000, 0x0000000100000000)
  region size 1024K, 25 young (25600K), 3 survivors (3072K)
 Metaspace       used 29042K, committed 29568K, reserved 1114112K
  class space    used 4076K, committed 4288K, reserved 1048576K
}
Event: 10.088 GC heap after
{Heap after GC invocations=13 (full 0):
 garbage-first heap   total 68608K, used 39030K [0x0000000084000000, 0x0000000100000000)
  region size 1024K, 4 young (4096K), 4 survivors (4096K)
 Metaspace       used 29042K, committed 29568K, reserved 1114112K
  class space    used 4076K, committed 4288K, reserved 1048576K
}
Event: 10.186 GC heap before
{Heap before GC invocations=14 (full 0):
 garbage-first heap   total 68608K, used 58486K [0x0000000084000000, 0x0000000100000000)
  region size 1024K, 23 young (23552K), 4 survivors (4096K)
 Metaspace       used 29042K, committed 29568K, reserved 1114112K
  class space    used 4076K, committed 4288K, reserved 1048576K
}
Event: 10.194 GC heap after
{Heap after GC invocations=15 (full 0):
 garbage-first heap   total 68608K, used 45056K [0x0000000084000000, 0x0000000100000000)
  region size 1024K, 3 young (3072K), 3 survivors (3072K)
 Metaspace       used 29042K, committed 29568K, reserved 1114112K
  class space    used 4076K, committed 4288K, reserved 1048576K
}
Event: 10.231 GC heap before
{Heap before GC invocations=15 (full 0):
 garbage-first heap   total 68608K, used 58368K [0x0000000084000000, 0x0000000100000000)
  region size 1024K, 17 young (17408K), 3 survivors (3072K)
 Metaspace       used 29042K, committed 29568K, reserved 1114112K
  class space    used 4076K, committed 4288K, reserved 1048576K
}
Event: 10.237 GC heap after
{Heap after GC invocations=16 (full 0):
 garbage-first heap   total 68608K, used 47458K [0x0000000084000000, 0x0000000100000000)
  region size 1024K, 3 young (3072K), 3 survivors (3072K)
 Metaspace       used 29042K, committed 29568K, reserved 1114112K
  class space    used 4076K, committed 4288K, reserved 1048576K
}
Event: 11.465 GC heap before
{Heap before GC invocations=16 (full 0):
 garbage-first heap   total 68608K, used 60770K [0x0000000084000000, 0x0000000100000000)
  region size 1024K, 16 young (16384K), 3 survivors (3072K)
 Metaspace       used 29042K, committed 29568K, reserved 1114112K
  class space    used 4076K, committed 4288K, reserved 1048576K
}
Event: 11.470 GC heap after
{Heap after GC invocations=17 (full 0):
 garbage-first heap   total 137216K, used 50412K [0x0000000084000000, 0x0000000100000000)
  region size 1024K, 2 young (2048K), 2 survivors (2048K)
 Metaspace       used 29042K, committed 29568K, reserved 1114112K
  class space    used 4076K, committed 4288K, reserved 1048576K
}
Event: 13.610 GC heap before
{Heap before GC invocations=18 (full 0):
 garbage-first heap   total 137216K, used 109804K [0x0000000084000000, 0x0000000100000000)
  region size 1024K, 59 young (60416K), 2 survivors (2048K)
 Metaspace       used 29122K, committed 29632K, reserved 1114112K
  class space    used 4091K, committed 4288K, reserved 1048576K
}
Event: 13.636 GC heap after
{Heap after GC invocations=19 (full 0):
 garbage-first heap   total 137216K, used 68912K [0x0000000084000000, 0x0000000100000000)
  region size 1024K, 8 young (8192K), 8 survivors (8192K)
 Metaspace       used 29122K, committed 29632K, reserved 1114112K
  class space    used 4091K, committed 4288K, reserved 1048576K
}
Event: 13.668 GC heap before
{Heap before GC invocations=19 (full 0):
 garbage-first heap   total 137216K, used 109872K [0x0000000084000000, 0x0000000100000000)
  region size 1024K, 49 young (50176K), 8 survivors (8192K)
 Metaspace       used 29214K, committed 29696K, reserved 1114112K
  class space    used 4103K, committed 4288K, reserved 1048576K
}
Event: 13.677 GC heap after
{Heap after GC invocations=20 (full 0):
 garbage-first heap   total 137216K, used 72386K [0x0000000084000000, 0x0000000100000000)
  region size 1024K, 3 young (3072K), 3 survivors (3072K)
 Metaspace       used 29214K, committed 29696K, reserved 1114112K
  class space    used 4103K, committed 4288K, reserved 1048576K
}
Event: 13.700 GC heap before
{Heap before GC invocations=20 (full 0):
 garbage-first heap   total 137216K, used 114370K [0x0000000084000000, 0x0000000100000000)
  region size 1024K, 45 young (46080K), 3 survivors (3072K)
 Metaspace       used 29214K, committed 29696K, reserved 1114112K
  class space    used 4103K, committed 4288K, reserved 1048576K
}
Event: 13.702 GC heap after
{Heap after GC invocations=21 (full 0):
 garbage-first heap   total 137216K, used 73423K [0x0000000084000000, 0x0000000100000000)
  region size 1024K, 4 young (4096K), 4 survivors (4096K)
 Metaspace       used 29214K, committed 29696K, reserved 1114112K
  class space    used 4103K, committed 4288K, reserved 1048576K
}
Event: 13.730 GC heap before
{Heap before GC invocations=21 (full 0):
 garbage-first heap   total 137216K, used 116431K [0x0000000084000000, 0x0000000100000000)
  region size 1024K, 48 young (49152K), 4 survivors (4096K)
 Metaspace       used 29214K, committed 29696K, reserved 1114112K
  class space    used 4103K, committed 4288K, reserved 1048576K
}

