# JRE version: OpenJDK Runtime Environment Temurin-21.0.9+10 (21.0.9+10) (build 21.0.9+10-LTS)
# Java VM: OpenJDK 64-Bit Server VM Temurin-21.0.9+10 (21.0.9+10-LTS, mixed mode, emulated-client, sharing, tiered, compressed oops, compressed class ptrs, g1 gc, windows-amd64)
GC Precious Log:
 CardTable entry size: 512
 Card Set container configuration: InlinePtr #cards 5 size 8 Array Of Cards #cards 12 size 40 Howl #buckets 4 coarsen threshold 1843 Howl Bitmap #cards 512 size 80 coarsen threshold 460 Card regions per heap region 1 cards per card region 2048
 CPUs: 8 total, 8 available
 Memory: 7934M
 Large Page Support: Disabled
 NUMA Support: Disabled
 Compressed Oops: Enabled (32-bit)
 Heap Region Size: 1M
 Heap Min Capacity: 8M
 Heap Initial Capacity: 124M
 Heap Max Capacity: 1984M
 Pre-touch: Disabled
 Parallel Workers: 8
 Concurrent Workers: 2
 Concurrent Refinement Workers: 8
 Periodic GC: Disabled
Heap:
 garbage-first heap   total 173056K, used 81161K [0x0000000084000000, 0x0000000100000000)
  region size 1024K, 6 young (6144K), 6 survivors (6144K)
 Metaspace       used 32503K, committed 33024K, reserved 1114112K
  class space    used 4389K, committed 4608K, reserved 1048576K
GC Heap History (20 events):
Event: 27.119 GC heap after
{Heap after GC invocations=12 (full 0):
 garbage-first heap   total 65536K, used 34616K [0x0000000084000000, 0x0000000100000000)
  region size 1024K, 3 young (3072K), 3 survivors (3072K)
 Metaspace       used 29031K, committed 29568K, reserved 1114112K
  class space    used 4077K, committed 4288K, reserved 1048576K
}
Event: 27.248 GC heap before
{Heap before GC invocations=12 (full 0):
 garbage-first heap   total 65536K, used 55096K [0x0000000084000000, 0x0000000100000000)
  region size 1024K, 23 young (23552K), 3 survivors (3072K)
 Metaspace       used 29069K, committed 29568K, reserved 1114112K
  class space    used 4088K, committed 4288K, reserved 1048576K
}
Event: 27.253 GC heap after
{Heap after GC invocations=13 (full 0):
 garbage-first heap   total 65536K, used 36973K [0x0000000084000000, 0x0000000100000000)
  region size 1024K, 3 young (3072K), 3 survivors (3072K)
 Metaspace       used 29069K, committed 29568K, reserved 1114112K
  class space    used 4088K, committed 4288K, reserved 1048576K
}
Event: 27.358 GC heap before
{Heap before GC invocations=13 (full 0):
 garbage-first heap   total 65536K, used 55405K [0x0000000084000000, 0x0000000100000000)
  region size 1024K, 21 young (21504K), 3 survivors (3072K)
 Metaspace       used 29368K, committed 29888K, reserved 1114112K
  class space    used 4114K, committed 4352K, reserved 1048576K
}
Event: 27.364 GC heap after
{Heap after GC invocations=14 (full 0):
 garbage-first heap   total 65536K, used 40585K [0x0000000084000000, 0x0000000100000000)
  region size 1024K, 3 young (3072K), 3 survivors (3072K)
 Metaspace       used 29368K, committed 29888K, reserved 1114112K
  class space    used 4114K, committed 4352K, reserved 1048576K
}
Event: 27.435 GC heap before
{Heap before GC invocations=15 (full 0):
 garbage-first heap   total 68608K, used 56969K [0x0000000084000000, 0x0000000100000000)
  region size 1024K, 19 young (19456K), 3 survivors (3072K)
 Metaspace       used 29440K, committed 29952K, reserved 1114112K
  class space    used 4122K, committed 4352K, reserved 1048576K
}
Event: 27.444 GC heap after
{Heap after GC invocations=16 (full 0):
 garbage-first heap   total 68608K, used 45920K [0x0000000084000000, 0x0000000100000000)
  region size 1024K, 3 young (3072K), 3 survivors (3072K)
 Metaspace       used 29440K, committed 29952K, reserved 1114112K
  class space    used 4122K, committed 4352K, reserved 1048576K
}
Event: 27.529 GC heap before
{Heap before GC invocations=16 (full 0):
 garbage-first heap   total 68608K, used 58208K [0x0000000084000000, 0x0000000100000000)
  region size 1024K, 16 young (16384K), 3 survivors (3072K)
 Metaspace       used 29785K, committed 30272K, reserved 1114112K
  class space    used 4142K, committed 4352K, reserved 1048576K
}
Event: 27.535 GC heap after
{Heap after GC invocations=17 (full 0):
 garbage-first heap   total 68608K, used 47697K [0x0000000084000000, 0x0000000100000000)
  region size 1024K, 2 young (2048K), 2 survivors (2048K)
 Metaspace       used 29785K, committed 30272K, reserved 1114112K
  class space    used 4142K, committed 4352K, reserved 1048576K
}
Event: 27.594 GC heap before
{Heap before GC invocations=17 (full 0):
 garbage-first heap   total 68608K, used 59985K [0x0000000084000000, 0x0000000100000000)
  region size 1024K, 14 young (14336K), 2 survivors (2048K)
 Metaspace       used 30077K, committed 30528K, reserved 1114112K
  class space    used 4166K, committed 4352K, reserved 1048576K
}
Event: 27.600 GC heap after
{Heap after GC invocations=18 (full 0):
 garbage-first heap   total 173056K, used 49594K [0x0000000084000000, 0x0000000100000000)
  region size 1024K, 2 young (2048K), 2 survivors (2048K)
 Metaspace       used 30077K, committed 30528K, reserved 1114112K
  class space    used 4166K, committed 4352K, reserved 1048576K
}
Event: 28.302 GC heap before
{Heap before GC invocations=19 (full 0):
 garbage-first heap   total 167936K, used 133562K [0x0000000084000000, 0x0000000100000000)
  region size 1024K, 83 young (84992K), 2 survivors (2048K)
 Metaspace       used 32256K, committed 32896K, reserved 1114112K
  class space    used 4349K, committed 4608K, reserved 1048576K
}
Event: 28.345 GC heap after
{Heap after GC invocations=20 (full 0):
 garbage-first heap   total 167936K, used 71982K [0x0000000084000000, 0x0000000100000000)
  region size 1024K, 11 young (11264K), 11 survivors (11264K)
 Metaspace       used 32256K, committed 32896K, reserved 1114112K
  class space    used 4349K, committed 4608K, reserved 1048576K
}
Event: 28.387 GC heap before
{Heap before GC invocations=20 (full 0):
 garbage-first heap   total 167936K, used 121134K [0x0000000084000000, 0x0000000100000000)
  region size 1024K, 60 young (61440K), 11 survivors (11264K)
 Metaspace       used 32300K, committed 32896K, reserved 1114112K
  class space    used 4361K, committed 4608K, reserved 1048576K
}
Event: 28.402 GC heap after
{Heap after GC invocations=21 (full 0):
 garbage-first heap   total 167936K, used 75401K [0x0000000084000000, 0x0000000100000000)
  region size 1024K, 4 young (4096K), 4 survivors (4096K)
 Metaspace       used 32300K, committed 32896K, reserved 1114112K
  class space    used 4361K, committed 4608K, reserved 1048576K
}
Event: 28.442 GC heap before
{Heap before GC invocations=21 (full 0):
 garbage-first heap   total 167936K, used 126601K [0x0000000084000000, 0x0000000100000000)
  region size 1024K, 55 young (56320K), 4 survivors (4096K)
 Metaspace       used 32382K, committed 32960K, reserved 1114112K
  class space    used 4366K, committed 4608K, reserved 1048576K
}
Event: 28.446 GC heap after
{Heap after GC invocations=22 (full 0):
 garbage-first heap   total 167936K, used 76830K [0x0000000084000000, 0x0000000100000000)
  region size 1024K, 5 young (5120K), 5 survivors (5120K)
 Metaspace       used 32382K, committed 32960K, reserved 1114112K
  class space    used 4366K, committed 4608K, reserved 1048576K
}
Event: 28.505 GC heap before
{Heap before GC invocations=22 (full 0):
 garbage-first heap   total 167936K, used 133150K [0x0000000084000000, 0x0000000100000000)
  region size 1024K, 61 young (62464K), 5 survivors (5120K)
 Metaspace       used 32470K, committed 33024K, reserved 1114112K
  class space    used 4380K, committed 4608K, reserved 1048576K
}
Event: 28.510 GC heap after
{Heap after GC invocations=23 (full 0):
 garbage-first heap   total 167936K, used 79292K [0x0000000084000000, 0x0000000100000000)
  region size 1024K, 5 young (5120K), 5 survivors (5120K)
 Metaspace       used 32470K, committed 33024K, reserved 1114112K
  class space    used 4380K, committed 4608K, reserved 1048576K
}
Event: 28.586 GC heap before
{Heap before GC invocations=23 (full 0):
 garbage-first heap   total 167936K, used 136636K [0x0000000084000000, 0x0000000100000000)
  region size 1024K, 64 young (65536K), 5 survivors (5120K)
 Metaspace       used 32503K, committed 33024K, reserved 1114112K
  class space    used 4389K, committed 4608K, reserved 1048576K
}

