# JRE version: OpenJDK Runtime Environment Temurin-21.0.9+10 (21.0.9+10) (build 21.0.9+10-LTS)
# Java VM: OpenJDK 64-Bit Server VM Temurin-21.0.9+10 (21.0.9+10-LTS, mixed mode, emulated-client, sharing, tiered, compressed oops, compressed class ptrs, g1 gc, windows-amd64)
GC Precious Log:
 CardTable entry size: 512
 Card Set container configuration: InlinePtr #cards 5 size 8 Array Of Cards #cards 12 size 40 Howl #buckets 4 coarsen threshold 1843 Howl Bitmap #cards 512 size 80 coarsen threshold 460 Card regions per heap region 1 cards per card region 2048
 CPUs: 8 total, 8 available
 Memory: 7934M
 Large Page Support: Disabled
 NUMA Support: Disabled
 Compressed Oops: Enabled (32-bit)
 Heap Region Size: 1M
 Heap Min Capacity: 8M
 Heap Initial Capacity: 124M
 Heap Max Capacity: 1984M
 Pre-touch: Disabled
 Parallel Workers: 8
 Concurrent Workers: 2
 Concurrent Refinement Workers: 8
 Periodic GC: Disabled
Heap:
 garbage-first heap   total 131072K, used 83639K [0x0000000084000000, 0x0000000100000000)
  region size 1024K, 4 young (4096K), 4 survivors (4096K)
 Metaspace       used 33657K, committed 34304K, reserved 1114112K
  class space    used 4584K, committed 4864K, reserved 1048576K
GC Heap History (20 events):
Event: 10.452 GC heap after
{Heap after GC invocations=11 (full 0):
 garbage-first heap   total 55296K, used 34217K [0x0000000084000000, 0x0000000100000000)
  region size 1024K, 2 young (2048K), 2 survivors (2048K)
 Metaspace       used 31041K, committed 31552K, reserved 1114112K
  class space    used 4242K, committed 4480K, reserved 1048576K
}
Event: 10.522 GC heap before
{Heap before GC invocations=11 (full 0):
 garbage-first heap   total 55296K, used 47529K [0x0000000084000000, 0x0000000100000000)
  region size 1024K, 15 young (15360K), 2 survivors (2048K)
 Metaspace       used 31315K, committed 31936K, reserved 1114112K
  class space    used 4256K, committed 4544K, reserved 1048576K
}
Event: 10.525 GC heap after
{Heap after GC invocations=12 (full 0):
 garbage-first heap   total 70656K, used 35220K [0x0000000084000000, 0x0000000100000000)
  region size 1024K, 2 young (2048K), 2 survivors (2048K)
 Metaspace       used 31315K, committed 31936K, reserved 1114112K
  class space    used 4256K, committed 4544K, reserved 1048576K
}
Event: 10.651 GC heap before
{Heap before GC invocations=12 (full 0):
 garbage-first heap   total 70656K, used 57748K [0x0000000084000000, 0x0000000100000000)
  region size 1024K, 25 young (25600K), 2 survivors (2048K)
 Metaspace       used 31471K, committed 32064K, reserved 1114112K
  class space    used 4271K, committed 4544K, reserved 1048576K
}
Event: 10.657 GC heap after
{Heap after GC invocations=13 (full 0):
 garbage-first heap   total 70656K, used 39304K [0x0000000084000000, 0x0000000100000000)
  region size 1024K, 4 young (4096K), 4 survivors (4096K)
 Metaspace       used 31471K, committed 32064K, reserved 1114112K
  class space    used 4271K, committed 4544K, reserved 1048576K
}
Event: 10.777 GC heap before
{Heap before GC invocations=14 (full 0):
 garbage-first heap   total 70656K, used 58760K [0x0000000084000000, 0x0000000100000000)
  region size 1024K, 24 young (24576K), 4 survivors (4096K)
 Metaspace       used 31698K, committed 32256K, reserved 1114112K
  class space    used 4294K, committed 4544K, reserved 1048576K
}
Event: 10.785 GC heap after
{Heap after GC invocations=15 (full 0):
 garbage-first heap   total 70656K, used 43647K [0x0000000084000000, 0x0000000100000000)
  region size 1024K, 3 young (3072K), 3 survivors (3072K)
 Metaspace       used 31698K, committed 32256K, reserved 1114112K
  class space    used 4294K, committed 4544K, reserved 1048576K
}
Event: 10.837 GC heap before
{Heap before GC invocations=15 (full 0):
 garbage-first heap   total 70656K, used 60031K [0x0000000084000000, 0x0000000100000000)
  region size 1024K, 20 young (20480K), 3 survivors (3072K)
 Metaspace       used 31971K, committed 32512K, reserved 1114112K
  class space    used 4316K, committed 4544K, reserved 1048576K
}
Event: 10.845 GC heap after
{Heap after GC invocations=16 (full 0):
 garbage-first heap   total 71680K, used 48523K [0x0000000084000000, 0x0000000100000000)
  region size 1024K, 3 young (3072K), 3 survivors (3072K)
 Metaspace       used 31971K, committed 32512K, reserved 1114112K
  class space    used 4316K, committed 4544K, reserved 1048576K
}
Event: 10.909 GC heap before
{Heap before GC invocations=16 (full 0):
 garbage-first heap   total 71680K, used 61835K [0x0000000084000000, 0x0000000100000000)
  region size 1024K, 16 young (16384K), 3 survivors (3072K)
 Metaspace       used 32170K, committed 32768K, reserved 1114112K
  class space    used 4342K, committed 4608K, reserved 1048576K
}
Event: 10.915 GC heap after
{Heap after GC invocations=17 (full 0):
 garbage-first heap   total 130048K, used 50780K [0x0000000084000000, 0x0000000100000000)
  region size 1024K, 2 young (2048K), 2 survivors (2048K)
 Metaspace       used 32170K, committed 32768K, reserved 1114112K
  class space    used 4342K, committed 4608K, reserved 1048576K
}
Event: 11.498 GC heap before
{Heap before GC invocations=18 (full 0):
 garbage-first heap   total 130048K, used 108124K [0x0000000084000000, 0x0000000100000000)
  region size 1024K, 57 young (58368K), 2 survivors (2048K)
 Metaspace       used 32999K, committed 33600K, reserved 1114112K
  class space    used 4484K, committed 4736K, reserved 1048576K
}
Event: 11.520 GC heap after
{Heap after GC invocations=19 (full 0):
 garbage-first heap   total 131072K, used 72572K [0x0000000084000000, 0x0000000100000000)
  region size 1024K, 8 young (8192K), 8 survivors (8192K)
 Metaspace       used 32999K, committed 33600K, reserved 1114112K
  class space    used 4484K, committed 4736K, reserved 1048576K
}
Event: 11.666 GC heap before
{Heap before GC invocations=19 (full 0):
 garbage-first heap   total 131072K, used 105340K [0x0000000084000000, 0x0000000100000000)
  region size 1024K, 41 young (41984K), 8 survivors (8192K)
 Metaspace       used 33404K, committed 33984K, reserved 1114112K
  class space    used 4551K, committed 4800K, reserved 1048576K
}
Event: 11.697 GC heap after
{Heap after GC invocations=20 (full 0):
 garbage-first heap   total 131072K, used 78465K [0x0000000084000000, 0x0000000100000000)
  region size 1024K, 6 young (6144K), 6 survivors (6144K)
 Metaspace       used 33404K, committed 33984K, reserved 1114112K
  class space    used 4551K, committed 4800K, reserved 1048576K
}
Event: 11.757 GC heap before
{Heap before GC invocations=20 (full 0):
 garbage-first heap   total 131072K, used 108161K [0x0000000084000000, 0x0000000100000000)
  region size 1024K, 36 young (36864K), 6 survivors (6144K)
 Metaspace       used 33512K, committed 34112K, reserved 1114112K
  class space    used 4566K, committed 4800K, reserved 1048576K
}
Event: 11.777 GC heap after
{Heap after GC invocations=21 (full 0):
 garbage-first heap   total 131072K, used 80972K [0x0000000084000000, 0x0000000100000000)
  region size 1024K, 2 young (2048K), 2 survivors (2048K)
 Metaspace       used 33512K, committed 34112K, reserved 1114112K
  class space    used 4566K, committed 4800K, reserved 1048576K
}
Event: 11.812 GC heap before
{Heap before GC invocations=21 (full 0):
 garbage-first heap   total 131072K, used 110668K [0x0000000084000000, 0x0000000100000000)
  region size 1024K, 32 young (32768K), 2 survivors (2048K)
 Metaspace       used 33657K, committed 34304K, reserved 1114112K
  class space    used 4584K, committed 4864K, reserved 1048576K
}
Event: 11.814 GC heap after
{Heap after GC invocations=22 (full 0):
 garbage-first heap   total 131072K, used 81963K [0x0000000084000000, 0x0000000100000000)
  region size 1024K, 3 young (3072K), 3 survivors (3072K)
 Metaspace       used 33657K, committed 34304K, reserved 1114112K
  class space    used 4584K, committed 4864K, reserved 1048576K
}
Event: 11.838 GC heap before
{Heap before GC invocations=22 (full 0):
 garbage-first heap   total 131072K, used 112683K [0x0000000084000000, 0x0000000100000000)
  region size 1024K, 34 young (34816K), 3 survivors (3072K)
 Metaspace       used 33657K, committed 34304K, reserved 1114112K
  class space    used 4584K, committed 4864K, reserved 1048576K
}

