# JRE version: OpenJDK Runtime Environment Temurin-21.0.9+10 (21.0.9+10) (build 21.0.9+10-LTS)
# Java VM: OpenJDK 64-Bit Server VM Temurin-21.0.9+10 (21.0.9+10-LTS, mixed mode, emulated-client, sharing, tiered, compressed oops, compressed class ptrs, g1 gc, windows-amd64)
GC Precious Log:
 CardTable entry size: 512
 Card Set container configuration: InlinePtr #cards 5 size 8 Array Of Cards #cards 12 size 40 Howl #buckets 4 coarsen threshold 1843 Howl Bitmap #cards 512 size 80 coarsen threshold 460 Card regions per heap region 1 cards per card region 2048
 CPUs: 8 total, 8 available
 Memory: 7934M
 Large Page Support: Disabled
 NUMA Support: Disabled
 Compressed Oops: Enabled (32-bit)
 Heap Region Size: 1M
 Heap Min Capacity: 8M
 Heap Initial Capacity: 124M
 Heap Max Capacity: 1984M
 Pre-touch: Disabled
 Parallel Workers: 8
 Concurrent Workers: 2
 Concurrent Refinement Workers: 8
 Periodic GC: Disabled
Heap:
 garbage-first heap   total 122880K, used 35639K [0x0000000084000000, 0x0000000100000000)
  region size 1024K, 1 young (1024K), 0 survivors (0K)
 Metaspace       used 51931K, committed 53184K, reserved 1114112K
  class space    used 7395K, committed 7872K, reserved 1048576K
GC Heap History (20 events):
Event: 8312.474 GC heap after
{Heap after GC invocations=733 (full 683):
 garbage-first heap   total 122880K, used 35639K [0x0000000084000000, 0x0000000100000000)
  region size 1024K, 0 young (0K), 0 survivors (0K)
 Metaspace       used 51931K, committed 53184K, reserved 1114112K
  class space    used 7395K, committed 7872K, reserved 1048576K
}
Event: 8322.798 GC heap before
{Heap before GC invocations=733 (full 683):
 garbage-first heap   total 122880K, used 35639K [0x0000000084000000, 0x0000000100000000)
  region size 1024K, 1 young (1024K), 0 survivors (0K)
 Metaspace       used 51931K, committed 53184K, reserved 1114112K
  class space    used 7395K, committed 7872K, reserved 1048576K
}
Event: 8322.836 GC heap after
{Heap after GC invocations=734 (full 684):
 garbage-first heap   total 122880K, used 35639K [0x0000000084000000, 0x0000000100000000)
  region size 1024K, 0 young (0K), 0 survivors (0K)
 Metaspace       used 51931K, committed 53184K, reserved 1114112K
  class space    used 7395K, committed 7872K, reserved 1048576K
}
Event: 8333.397 GC heap before
{Heap before GC invocations=734 (full 684):
 garbage-first heap   total 122880K, used 35639K [0x0000000084000000, 0x0000000100000000)
  region size 1024K, 1 young (1024K), 0 survivors (0K)
 Metaspace       used 51931K, committed 53184K, reserved 1114112K
  class space    used 7395K, committed 7872K, reserved 1048576K
}
Event: 8333.462 GC heap after
{Heap after GC invocations=735 (full 685):
 garbage-first heap   total 122880K, used 35639K [0x0000000084000000, 0x0000000100000000)
  region size 1024K, 0 young (0K), 0 survivors (0K)
 Metaspace       used 51931K, committed 53184K, reserved 1114112K
  class space    used 7395K, committed 7872K, reserved 1048576K
}
Event: 8343.892 GC heap before
{Heap before GC invocations=735 (full 685):
 garbage-first heap   total 122880K, used 35639K [0x0000000084000000, 0x0000000100000000)
  region size 1024K, 1 young (1024K), 0 survivors (0K)
 Metaspace       used 51931K, committed 53184K, reserved 1114112K
  class space    used 7395K, committed 7872K, reserved 1048576K
}
Event: 8343.950 GC heap after
{Heap after GC invocations=736 (full 686):
 garbage-first heap   total 122880K, used 35639K [0x0000000084000000, 0x0000000100000000)
  region size 1024K, 0 young (0K), 0 survivors (0K)
 Metaspace       used 51931K, committed 53184K, reserved 1114112K
  class space    used 7395K, committed 7872K, reserved 1048576K
}
Event: 8355.528 GC heap before
{Heap before GC invocations=736 (full 686):
 garbage-first heap   total 122880K, used 35639K [0x0000000084000000, 0x0000000100000000)
  region size 1024K, 1 young (1024K), 0 survivors (0K)
 Metaspace       used 51931K, committed 53184K, reserved 1114112K
  class space    used 7395K, committed 7872K, reserved 1048576K
}
Event: 8356.072 GC heap after
{Heap after GC invocations=737 (full 687):
 garbage-first heap   total 122880K, used 35639K [0x0000000084000000, 0x0000000100000000)
  region size 1024K, 0 young (0K), 0 survivors (0K)
 Metaspace       used 51931K, committed 53184K, reserved 1114112K
  class space    used 7395K, committed 7872K, reserved 1048576K
}
Event: 8366.759 GC heap before
{Heap before GC invocations=737 (full 687):
 garbage-first heap   total 122880K, used 35639K [0x0000000084000000, 0x0000000100000000)
  region size 1024K, 1 young (1024K), 0 survivors (0K)
 Metaspace       used 51931K, committed 53184K, reserved 1114112K
  class space    used 7395K, committed 7872K, reserved 1048576K
}
Event: 8366.821 GC heap after
{Heap after GC invocations=738 (full 688):
 garbage-first heap   total 122880K, used 35639K [0x0000000084000000, 0x0000000100000000)
  region size 1024K, 0 young (0K), 0 survivors (0K)
 Metaspace       used 51931K, committed 53184K, reserved 1114112K
  class space    used 7395K, committed 7872K, reserved 1048576K
}
Event: 8383.410 GC heap before
{Heap before GC invocations=738 (full 688):
 garbage-first heap   total 122880K, used 35639K [0x0000000084000000, 0x0000000100000000)
  region size 1024K, 1 young (1024K), 0 survivors (0K)
 Metaspace       used 51931K, committed 53184K, reserved 1114112K
  class space    used 7395K, committed 7872K, reserved 1048576K
}
Event: 8383.460 GC heap after
{Heap after GC invocations=739 (full 689):
 garbage-first heap   total 122880K, used 35639K [0x0000000084000000, 0x0000000100000000)
  region size 1024K, 0 young (0K), 0 survivors (0K)
 Metaspace       used 51931K, committed 53184K, reserved 1114112K
  class space    used 7395K, committed 7872K, reserved 1048576K
}
Event: 8394.626 GC heap before
{Heap before GC invocations=739 (full 689):
 garbage-first heap   total 122880K, used 35639K [0x0000000084000000, 0x0000000100000000)
  region size 1024K, 1 young (1024K), 0 survivors (0K)
 Metaspace       used 51931K, committed 53184K, reserved 1114112K
  class space    used 7395K, committed 7872K, reserved 1048576K
}
Event: 8394.698 GC heap after
{Heap after GC invocations=740 (full 690):
 garbage-first heap   total 122880K, used 35639K [0x0000000084000000, 0x0000000100000000)
  region size 1024K, 0 young (0K), 0 survivors (0K)
 Metaspace       used 51931K, committed 53184K, reserved 1114112K
  class space    used 7395K, committed 7872K, reserved 1048576K
}
Event: 8405.534 GC heap before
{Heap before GC invocations=740 (full 690):
 garbage-first heap   total 122880K, used 35639K [0x0000000084000000, 0x0000000100000000)
  region size 1024K, 1 young (1024K), 0 survivors (0K)
 Metaspace       used 51931K, committed 53184K, reserved 1114112K
  class space    used 7395K, committed 7872K, reserved 1048576K
}
Event: 8407.528 GC heap after
{Heap after GC invocations=741 (full 691):
 garbage-first heap   total 122880K, used 35639K [0x0000000084000000, 0x0000000100000000)
  region size 1024K, 0 young (0K), 0 survivors (0K)
 Metaspace       used 51931K, committed 53184K, reserved 1114112K
  class space    used 7395K, committed 7872K, reserved 1048576K
}
Event: 8419.378 GC heap before
{Heap before GC invocations=741 (full 691):
 garbage-first heap   total 122880K, used 35639K [0x0000000084000000, 0x0000000100000000)
  region size 1024K, 1 young (1024K), 0 survivors (0K)
 Metaspace       used 51931K, committed 53184K, reserved 1114112K
  class space    used 7395K, committed 7872K, reserved 1048576K
}
Event: 8419.448 GC heap after
{Heap after GC invocations=742 (full 692):
 garbage-first heap   total 122880K, used 35639K [0x0000000084000000, 0x0000000100000000)
  region size 1024K, 0 young (0K), 0 survivors (0K)
 Metaspace       used 51931K, committed 53184K, reserved 1114112K
  class space    used 7395K, committed 7872K, reserved 1048576K
}
Event: 8433.219 GC heap before
{Heap before GC invocations=742 (full 692):
 garbage-first heap   total 122880K, used 35639K [0x0000000084000000, 0x0000000100000000)
  region size 1024K, 1 young (1024K), 0 survivors (0K)
 Metaspace       used 51931K, committed 53184K, reserved 1114112K
  class space    used 7395K, committed 7872K, reserved 1048576K
}

