# JRE version: OpenJDK Runtime Environment Temurin-21.0.9+10 (21.0.9+10) (build 21.0.9+10-LTS)
# Java VM: OpenJDK 64-Bit Server VM Temurin-21.0.9+10 (21.0.9+10-LTS, mixed mode, emulated-client, sharing, tiered, compressed oops, compressed class ptrs, g1 gc, windows-amd64)
GC Precious Log:
 CardTable entry size: 512
 Card Set container configuration: InlinePtr #cards 5 size 8 Array Of Cards #cards 12 size 40 Howl #buckets 4 coarsen threshold 1843 Howl Bitmap #cards 512 size 80 coarsen threshold 460 Card regions per heap region 1 cards per card region 2048
 CPUs: 8 total, 8 available
 Memory: 7934M
 Large Page Support: Disabled
 NUMA Support: Disabled
 Compressed Oops: Enabled (32-bit)
 Heap Region Size: 1M
 Heap Min Capacity: 8M
 Heap Initial Capacity: 124M
 Heap Max Capacity: 1984M
 Pre-touch: Disabled
 Parallel Workers: 8
 Concurrent Workers: 2
 Concurrent Refinement Workers: 8
 Periodic GC: Disabled
Heap:
 garbage-first heap   total 126976K, used 78539K [0x0000000084000000, 0x0000000100000000)
  region size 1024K, 3 young (3072K), 3 survivors (3072K)
 Metaspace       used 32449K, committed 33024K, reserved 1114112K
  class space    used 4385K, committed 4608K, reserved 1048576K
GC Heap History (20 events):
Event: 11.129 GC heap after
{Heap after GC invocations=11 (full 0):
 garbage-first heap   total 61440K, used 33310K [0x0000000084000000, 0x0000000100000000)
  region size 1024K, 3 young (3072K), 3 survivors (3072K)
 Metaspace       used 31412K, committed 32000K, reserved 1114112K
  class space    used 4256K, committed 4544K, reserved 1048576K
}
Event: 11.187 GC heap before
{Heap before GC invocations=11 (full 0):
 garbage-first heap   total 61440K, used 50718K [0x0000000084000000, 0x0000000100000000)
  region size 1024K, 21 young (21504K), 3 survivors (3072K)
 Metaspace       used 31441K, committed 32064K, reserved 1114112K
  class space    used 4262K, committed 4544K, reserved 1048576K
}
Event: 11.194 GC heap after
{Heap after GC invocations=12 (full 0):
 garbage-first heap   total 61440K, used 37495K [0x0000000084000000, 0x0000000100000000)
  region size 1024K, 3 young (3072K), 3 survivors (3072K)
 Metaspace       used 31441K, committed 32064K, reserved 1114112K
  class space    used 4262K, committed 4544K, reserved 1048576K
}
Event: 11.279 GC heap before
{Heap before GC invocations=12 (full 0):
 garbage-first heap   total 61440K, used 51831K [0x0000000084000000, 0x0000000100000000)
  region size 1024K, 17 young (17408K), 3 survivors (3072K)
 Metaspace       used 31592K, committed 32192K, reserved 1114112K
  class space    used 4275K, committed 4544K, reserved 1048576K
}
Event: 11.283 GC heap after
{Heap after GC invocations=13 (full 0):
 garbage-first heap   total 61440K, used 39805K [0x0000000084000000, 0x0000000100000000)
  region size 1024K, 2 young (2048K), 2 survivors (2048K)
 Metaspace       used 31592K, committed 32192K, reserved 1114112K
  class space    used 4275K, committed 4544K, reserved 1048576K
}
Event: 11.452 GC heap before
{Heap before GC invocations=14 (full 0):
 garbage-first heap   total 66560K, used 53117K [0x0000000084000000, 0x0000000100000000)
  region size 1024K, 15 young (15360K), 2 survivors (2048K)
 Metaspace       used 31648K, committed 32256K, reserved 1114112K
  class space    used 4283K, committed 4544K, reserved 1048576K
}
Event: 11.458 GC heap after
{Heap after GC invocations=15 (full 0):
 garbage-first heap   total 66560K, used 43189K [0x0000000084000000, 0x0000000100000000)
  region size 1024K, 2 young (2048K), 2 survivors (2048K)
 Metaspace       used 31648K, committed 32256K, reserved 1114112K
  class space    used 4283K, committed 4544K, reserved 1048576K
}
Event: 11.506 GC heap before
{Heap before GC invocations=15 (full 0):
 garbage-first heap   total 66560K, used 55477K [0x0000000084000000, 0x0000000100000000)
  region size 1024K, 15 young (15360K), 2 survivors (2048K)
 Metaspace       used 31769K, committed 32320K, reserved 1114112K
  class space    used 4294K, committed 4544K, reserved 1048576K
}
Event: 11.512 GC heap after
{Heap after GC invocations=16 (full 0):
 garbage-first heap   total 66560K, used 45501K [0x0000000084000000, 0x0000000100000000)
  region size 1024K, 2 young (2048K), 2 survivors (2048K)
 Metaspace       used 31769K, committed 32320K, reserved 1114112K
  class space    used 4294K, committed 4544K, reserved 1048576K
}
Event: 11.603 GC heap before
{Heap before GC invocations=16 (full 0):
 garbage-first heap   total 66560K, used 57789K [0x0000000084000000, 0x0000000100000000)
  region size 1024K, 14 young (14336K), 2 survivors (2048K)
 Metaspace       used 31812K, committed 32384K, reserved 1114112K
  class space    used 4298K, committed 4544K, reserved 1048576K
}
Event: 11.608 GC heap after
{Heap after GC invocations=17 (full 0):
 garbage-first heap   total 121856K, used 48014K [0x0000000084000000, 0x0000000100000000)
  region size 1024K, 2 young (2048K), 2 survivors (2048K)
 Metaspace       used 31812K, committed 32384K, reserved 1114112K
  class space    used 4298K, committed 4544K, reserved 1048576K
}
Event: 12.337 GC heap before
{Heap before GC invocations=18 (full 0):
 garbage-first heap   total 121856K, used 96142K [0x0000000084000000, 0x0000000100000000)
  region size 1024K, 49 young (50176K), 2 survivors (2048K)
 Metaspace       used 32285K, committed 32896K, reserved 1114112K
  class space    used 4364K, committed 4608K, reserved 1048576K
}
Event: 12.351 GC heap after
{Heap after GC invocations=19 (full 0):
 garbage-first heap   total 121856K, used 60405K [0x0000000084000000, 0x0000000100000000)
  region size 1024K, 7 young (7168K), 7 survivors (7168K)
 Metaspace       used 32285K, committed 32896K, reserved 1114112K
  class space    used 4364K, committed 4608K, reserved 1048576K
}
Event: 13.169 GC heap before
{Heap before GC invocations=19 (full 0):
 garbage-first heap   total 121856K, used 98293K [0x0000000084000000, 0x0000000100000000)
  region size 1024K, 44 young (45056K), 7 survivors (7168K)
 Metaspace       used 32378K, committed 32960K, reserved 1114112K
  class space    used 4374K, committed 4608K, reserved 1048576K
}
Event: 13.204 GC heap after
{Heap after GC invocations=20 (full 0):
 garbage-first heap   total 121856K, used 73646K [0x0000000084000000, 0x0000000100000000)
  region size 1024K, 6 young (6144K), 6 survivors (6144K)
 Metaspace       used 32378K, committed 32960K, reserved 1114112K
  class space    used 4374K, committed 4608K, reserved 1048576K
}
Event: 13.239 GC heap before
{Heap before GC invocations=20 (full 0):
 garbage-first heap   total 121856K, used 99246K [0x0000000084000000, 0x0000000100000000)
  region size 1024K, 32 young (32768K), 6 survivors (6144K)
 Metaspace       used 32408K, committed 32960K, reserved 1114112K
  class space    used 4383K, committed 4608K, reserved 1048576K
}
Event: 13.245 GC heap after
{Heap after GC invocations=21 (full 0):
 garbage-first heap   total 121856K, used 76278K [0x0000000084000000, 0x0000000100000000)
  region size 1024K, 2 young (2048K), 2 survivors (2048K)
 Metaspace       used 32408K, committed 32960K, reserved 1114112K
  class space    used 4383K, committed 4608K, reserved 1048576K
}
Event: 13.295 GC heap before
{Heap before GC invocations=21 (full 0):
 garbage-first heap   total 121856K, used 102902K [0x0000000084000000, 0x0000000100000000)
  region size 1024K, 29 young (29696K), 2 survivors (2048K)
 Metaspace       used 32449K, committed 33024K, reserved 1114112K
  class space    used 4385K, committed 4608K, reserved 1048576K
}
Event: 13.297 GC heap after
{Heap after GC invocations=22 (full 0):
 garbage-first heap   total 121856K, used 77295K [0x0000000084000000, 0x0000000100000000)
  region size 1024K, 3 young (3072K), 3 survivors (3072K)
 Metaspace       used 32449K, committed 33024K, reserved 1114112K
  class space    used 4385K, committed 4608K, reserved 1048576K
}
Event: 13.312 GC heap before
{Heap before GC invocations=22 (full 0):
 garbage-first heap   total 121856K, used 104943K [0x0000000084000000, 0x0000000100000000)
  region size 1024K, 31 young (31744K), 3 survivors (3072K)
 Metaspace       used 32449K, committed 33024K, reserved 1114112K
  class space    used 4385K, committed 4608K, reserved 1048576K
}

