# JRE version: OpenJDK Runtime Environment Temurin-21.0.9+10 (21.0.9+10) (build 21.0.9+10-LTS)
# Java VM: OpenJDK 64-Bit Server VM Temurin-21.0.9+10 (21.0.9+10-LTS, mixed mode, sharing, tiered, compressed oops, compressed class ptrs, parallel gc, windows-amd64)
GC Precious Log:
 CardTable entry size: 512
 CPUs: 8 total, 8 available
 Memory: 7934M
 Large Page Support: Disabled
 NUMA Support: Disabled
 Compressed Oops: Enabled (32-bit)
 Alignments: Space 512K, Generation 512K, Heap 2M
 Heap Min Capacity: 100M
 Heap Initial Capacity: 100M
 Heap Max Capacity: 2G
 Pre-touch: Disabled
 Parallel Workers: 8
Heap:
 PSYoungGen      total 18944K, used 12835K [0x00000000d5580000, 0x00000000d6c00000, 0x0000000100000000)
  eden space 18432K, 66% used [0x00000000d5580000,0x00000000d618ad18,0x00000000d6780000)
  from space 512K, 98% used [0x00000000d6980000,0x00000000d69fdfa0,0x00000000d6a00000)
  to   space 2048K, 0% used [0x00000000d6780000,0x00000000d6780000,0x00000000d6980000)
 ParOldGen       total 166912K, used 166466K [0x0000000080000000, 0x000000008a300000, 0x00000000d5580000)
  object space 166912K, 99% used [0x0000000080000000,0x000000008a290950,0x000000008a300000)
 Metaspace       used 67073K, committed 68736K, reserved 1114112K
  class space    used 7092K, committed 7808K, reserved 1048576K
GC Heap History (20 events):
Event: 46.767 GC heap before
{Heap before GC invocations=82 (full 3):
 PSYoungGen      total 20480K, used 20160K [0x00000000d5580000, 0x00000000d6c80000, 0x0000000100000000)
  eden space 18944K, 100% used [0x00000000d5580000,0x00000000d6800000,0x00000000d6800000)
  from space 1536K, 79% used [0x00000000d6b00000,0x00000000d6c30000,0x00000000d6c80000)
  to   space 1536K, 0% used [0x00000000d6980000,0x00000000d6980000,0x00000000d6b00000)
 ParOldGen       total 68608K, used 65818K [0x0000000080000000, 0x0000000084300000, 0x00000000d5580000)
  object space 68608K, 95% used [0x0000000080000000,0x0000000084046a10,0x0000000084300000)
 Metaspace       used 63121K, committed 64640K, reserved 1114112K
  class space    used 6726K, committed 7424K, reserved 1048576K
}
Event: 46.771 GC heap after
{Heap after GC invocations=82 (full 3):
 PSYoungGen      total 20480K, used 1536K [0x00000000d5580000, 0x00000000d6f00000, 0x0000000100000000)
  eden space 18944K, 0% used [0x00000000d5580000,0x00000000d5580000,0x00000000d6800000)
  from space 1536K, 100% used [0x00000000d6980000,0x00000000d6b00000,0x00000000d6b00000)
  to   space 3584K, 0% used [0x00000000d6b80000,0x00000000d6b80000,0x00000000d6f00000)
 ParOldGen       total 68608K, used 67378K [0x0000000080000000, 0x0000000084300000, 0x00000000d5580000)
  object space 68608K, 98% used [0x0000000080000000,0x00000000841cca10,0x0000000084300000)
 Metaspace       used 63121K, committed 64640K, reserved 1114112K
  class space    used 6726K, committed 7424K, reserved 1048576K
}
Event: 47.977 GC heap before
{Heap before GC invocations=83 (full 3):
 PSYoungGen      total 20480K, used 20480K [0x00000000d5580000, 0x00000000d6f00000, 0x0000000100000000)
  eden space 18944K, 100% used [0x00000000d5580000,0x00000000d6800000,0x00000000d6800000)
  from space 1536K, 100% used [0x00000000d6980000,0x00000000d6b00000,0x00000000d6b00000)
  to   space 3584K, 0% used [0x00000000d6b80000,0x00000000d6b80000,0x00000000d6f00000)
 ParOldGen       total 68608K, used 67378K [0x0000000080000000, 0x0000000084300000, 0x00000000d5580000)
  object space 68608K, 98% used [0x0000000080000000,0x00000000841cca10,0x0000000084300000)
 Metaspace       used 63371K, committed 64896K, reserved 1114112K
  class space    used 6727K, committed 7424K, reserved 1048576K
}
Event: 47.981 GC heap after
{Heap after GC invocations=83 (full 3):
 PSYoungGen      total 20992K, used 1696K [0x00000000d5580000, 0x00000000d6d80000, 0x0000000100000000)
  eden space 18944K, 0% used [0x00000000d5580000,0x00000000d5580000,0x00000000d6800000)
  from space 2048K, 82% used [0x00000000d6b80000,0x00000000d6d28000,0x00000000d6d80000)
  to   space 2560K, 0% used [0x00000000d6880000,0x00000000d6880000,0x00000000d6b00000)
 ParOldGen       total 68608K, used 68423K [0x0000000080000000, 0x0000000084300000, 0x00000000d5580000)
  object space 68608K, 99% used [0x0000000080000000,0x00000000842d1df0,0x0000000084300000)
 Metaspace       used 63371K, committed 64896K, reserved 1114112K
  class space    used 6727K, committed 7424K, reserved 1048576K
}
Event: 48.848 GC heap before
{Heap before GC invocations=84 (full 3):
 PSYoungGen      total 20992K, used 20640K [0x00000000d5580000, 0x00000000d6d80000, 0x0000000100000000)
  eden space 18944K, 100% used [0x00000000d5580000,0x00000000d6800000,0x00000000d6800000)
  from space 2048K, 82% used [0x00000000d6b80000,0x00000000d6d28000,0x00000000d6d80000)
  to   space 2560K, 0% used [0x00000000d6880000,0x00000000d6880000,0x00000000d6b00000)
 ParOldGen       total 68608K, used 68423K [0x0000000080000000, 0x0000000084300000, 0x00000000d5580000)
  object space 68608K, 99% used [0x0000000080000000,0x00000000842d1df0,0x0000000084300000)
 Metaspace       used 63460K, committed 65024K, reserved 1114112K
  class space    used 6728K, committed 7424K, reserved 1048576K
}
Event: 48.852 GC heap after
{Heap after GC invocations=84 (full 3):
 PSYoungGen      total 20480K, used 1440K [0x00000000d5580000, 0x00000000d6c00000, 0x0000000100000000)
  eden space 18944K, 0% used [0x00000000d5580000,0x00000000d5580000,0x00000000d6800000)
  from space 1536K, 93% used [0x00000000d6880000,0x00000000d69e8000,0x00000000d6a00000)
  to   space 2048K, 0% used [0x00000000d6a00000,0x00000000d6a00000,0x00000000d6c00000)
 ParOldGen       total 70144K, used 69644K [0x0000000080000000, 0x0000000084480000, 0x00000000d5580000)
  object space 70144K, 99% used [0x0000000080000000,0x0000000084403208,0x0000000084480000)
 Metaspace       used 63460K, committed 65024K, reserved 1114112K
  class space    used 6728K, committed 7424K, reserved 1048576K
}
Event: 51.202 GC heap before
{Heap before GC invocations=85 (full 3):
 PSYoungGen      total 20480K, used 20384K [0x00000000d5580000, 0x00000000d6c00000, 0x0000000100000000)
  eden space 18944K, 100% used [0x00000000d5580000,0x00000000d6800000,0x00000000d6800000)
  from space 1536K, 93% used [0x00000000d6880000,0x00000000d69e8000,0x00000000d6a00000)
  to   space 2048K, 0% used [0x00000000d6a00000,0x00000000d6a00000,0x00000000d6c00000)
 ParOldGen       total 70144K, used 69644K [0x0000000080000000, 0x0000000084480000, 0x00000000d5580000)
  object space 70144K, 99% used [0x0000000080000000,0x0000000084403208,0x0000000084480000)
 Metaspace       used 63954K, committed 65472K, reserved 1114112K
  class space    used 6767K, committed 7424K, reserved 1048576K
}
Event: 51.206 GC heap after
{Heap after GC invocations=85 (full 3):
 PSYoungGen      total 19968K, used 896K [0x00000000d5580000, 0x00000000d6b00000, 0x0000000100000000)
  eden space 18944K, 0% used [0x00000000d5580000,0x00000000d5580000,0x00000000d6800000)
  from space 1024K, 87% used [0x00000000d6a00000,0x00000000d6ae0020,0x00000000d6b00000)
  to   space 1536K, 0% used [0x00000000d6800000,0x00000000d6800000,0x00000000d6980000)
 ParOldGen       total 70656K, used 70372K [0x0000000080000000, 0x0000000084500000, 0x00000000d5580000)
  object space 70656K, 99% used [0x0000000080000000,0x00000000844b9208,0x0000000084500000)
 Metaspace       used 63954K, committed 65472K, reserved 1114112K
  class space    used 6767K, committed 7424K, reserved 1048576K
}
Event: 51.940 GC heap before
{Heap before GC invocations=86 (full 3):
 PSYoungGen      total 19968K, used 19837K [0x00000000d5580000, 0x00000000d6b00000, 0x0000000100000000)
  eden space 18944K, 99% used [0x00000000d5580000,0x00000000d67ff678,0x00000000d6800000)
  from space 1024K, 87% used [0x00000000d6a00000,0x00000000d6ae0020,0x00000000d6b00000)
  to   space 1536K, 0% used [0x00000000d6800000,0x00000000d6800000,0x00000000d6980000)
 ParOldGen       total 70656K, used 70372K [0x0000000080000000, 0x0000000084500000, 0x00000000d5580000)
  object space 70656K, 99% used [0x0000000080000000,0x00000000844b9208,0x0000000084500000)
 Metaspace       used 64162K, committed 65664K, reserved 1114112K
  class space    used 6786K, committed 7424K, reserved 1048576K
}
Event: 51.942 GC heap after
{Heap after GC invocations=86 (full 3):
 PSYoungGen      total 20480K, used 668K [0x00000000d5580000, 0x00000000d6a80000, 0x0000000100000000)
  eden space 18944K, 0% used [0x00000000d5580000,0x00000000d5580000,0x00000000d6800000)
  from space 1536K, 43% used [0x00000000d6800000,0x00000000d68a7230,0x00000000d6980000)
  to   space 1024K, 0% used [0x00000000d6980000,0x00000000d6980000,0x00000000d6a80000)
 ParOldGen       total 71168K, used 71033K [0x0000000080000000, 0x0000000084580000, 0x00000000d5580000)
  object space 71168K, 99% used [0x0000000080000000,0x000000008455e498,0x0000000084580000)
 Metaspace       used 64162K, committed 65664K, reserved 1114112K
  class space    used 6786K, committed 7424K, reserved 1048576K
}
Event: 52.948 GC heap before
{Heap before GC invocations=87 (full 3):
 PSYoungGen      total 20480K, used 19612K [0x00000000d5580000, 0x00000000d6a80000, 0x0000000100000000)
  eden space 18944K, 100% used [0x00000000d5580000,0x00000000d6800000,0x00000000d6800000)
  from space 1536K, 43% used [0x00000000d6800000,0x00000000d68a7230,0x00000000d6980000)
  to   space 1024K, 0% used [0x00000000d6980000,0x00000000d6980000,0x00000000d6a80000)
 ParOldGen       total 71168K, used 71033K [0x0000000080000000, 0x0000000084580000, 0x00000000d5580000)
  object space 71168K, 99% used [0x0000000080000000,0x000000008455e498,0x0000000084580000)
 Metaspace       used 65050K, committed 66560K, reserved 1114112K
  class space    used 6887K, committed 7552K, reserved 1048576K
}
Event: 52.951 GC heap after
{Heap after GC invocations=87 (full 3):
 PSYoungGen      total 19968K, used 1014K [0x00000000d5580000, 0x00000000d6b00000, 0x0000000100000000)
  eden space 18944K, 0% used [0x00000000d5580000,0x00000000d5580000,0x00000000d6800000)
  from space 1024K, 99% used [0x00000000d6980000,0x00000000d6a7db40,0x00000000d6a80000)
  to   space 1536K, 0% used [0x00000000d6800000,0x00000000d6800000,0x00000000d6980000)
 ParOldGen       total 71680K, used 71233K [0x0000000080000000, 0x0000000084600000, 0x00000000d5580000)
  object space 71680K, 99% used [0x0000000080000000,0x00000000845904b8,0x0000000084600000)
 Metaspace       used 65050K, committed 66560K, reserved 1114112K
  class space    used 6887K, committed 7552K, reserved 1048576K
}
Event: 55.435 GC heap before
{Heap before GC invocations=88 (full 3):
 PSYoungGen      total 19968K, used 19958K [0x00000000d5580000, 0x00000000d6b00000, 0x0000000100000000)
  eden space 18944K, 100% used [0x00000000d5580000,0x00000000d6800000,0x00000000d6800000)
  from space 1024K, 99% used [0x00000000d6980000,0x00000000d6a7db40,0x00000000d6a80000)
  to   space 1536K, 0% used [0x00000000d6800000,0x00000000d6800000,0x00000000d6980000)
 ParOldGen       total 71680K, used 71233K [0x0000000080000000, 0x0000000084600000, 0x00000000d5580000)
  object space 71680K, 99% used [0x0000000080000000,0x00000000845904b8,0x0000000084600000)
 Metaspace       used 65933K, committed 67520K, reserved 1114112K
  class space    used 6989K, committed 7680K, reserved 1048576K
}
Event: 55.437 GC heap after
{Heap after GC invocations=88 (full 3):
 PSYoungGen      total 20480K, used 1189K [0x00000000d5580000, 0x00000000d6b00000, 0x0000000100000000)
  eden space 18944K, 0% used [0x00000000d5580000,0x00000000d5580000,0x00000000d6800000)
  from space 1536K, 77% used [0x00000000d6800000,0x00000000d6929420,0x00000000d6980000)
  to   space 1536K, 0% used [0x00000000d6980000,0x00000000d6980000,0x00000000d6b00000)
 ParOldGen       total 72192K, used 71961K [0x0000000080000000, 0x0000000084680000, 0x00000000d5580000)
  object space 72192K, 99% used [0x0000000080000000,0x00000000846464b8,0x0000000084680000)
 Metaspace       used 65933K, committed 67520K, reserved 1114112K
  class space    used 6989K, committed 7680K, reserved 1048576K
}
Event: 56.228 GC heap before
{Heap before GC invocations=89 (full 3):
 PSYoungGen      total 20480K, used 17834K [0x00000000d5580000, 0x00000000d6b00000, 0x0000000100000000)
  eden space 18944K, 87% used [0x00000000d5580000,0x00000000d65c1580,0x00000000d6800000)
  from space 1536K, 77% used [0x00000000d6800000,0x00000000d6929420,0x00000000d6980000)
  to   space 1536K, 0% used [0x00000000d6980000,0x00000000d6980000,0x00000000d6b00000)
 ParOldGen       total 119296K, used 118041K [0x0000000080000000, 0x0000000087480000, 0x00000000d5580000)
  object space 119296K, 98% used [0x0000000080000000,0x00000000873464f8,0x0000000087480000)
 Metaspace       used 66000K, committed 67584K, reserved 1114112K
  class space    used 6998K, committed 7680K, reserved 1048576K
}
Event: 56.230 GC heap after
{Heap after GC invocations=89 (full 3):
 PSYoungGen      total 19456K, used 192K [0x00000000d5580000, 0x00000000d6a00000, 0x0000000100000000)
  eden space 18944K, 0% used [0x00000000d5580000,0x00000000d5580000,0x00000000d6800000)
  from space 512K, 37% used [0x00000000d6980000,0x00000000d69b0000,0x00000000d6a00000)
  to   space 1024K, 0% used [0x00000000d6800000,0x00000000d6800000,0x00000000d6900000)
 ParOldGen       total 119296K, used 119101K [0x0000000080000000, 0x0000000087480000, 0x00000000d5580000)
  object space 119296K, 99% used [0x0000000080000000,0x000000008744f690,0x0000000087480000)
 Metaspace       used 66000K, committed 67584K, reserved 1114112K
  class space    used 6998K, committed 7680K, reserved 1048576K
}
Event: 56.446 GC heap before
{Heap before GC invocations=90 (full 3):
 PSYoungGen      total 19456K, used 19136K [0x00000000d5580000, 0x00000000d6a00000, 0x0000000100000000)
  eden space 18944K, 100% used [0x00000000d5580000,0x00000000d6800000,0x00000000d6800000)
  from space 512K, 37% used [0x00000000d6980000,0x00000000d69b0000,0x00000000d6a00000)
  to   space 1024K, 0% used [0x00000000d6800000,0x00000000d6800000,0x00000000d6900000)
 ParOldGen       total 166400K, used 165181K [0x0000000080000000, 0x000000008a280000, 0x00000000d5580000)
  object space 166400K, 99% used [0x0000000080000000,0x000000008a14f6d0,0x000000008a280000)
 Metaspace       used 66116K, committed 67712K, reserved 1114112K
  class space    used 7003K, committed 7680K, reserved 1048576K
}
Event: 56.447 GC heap after
{Heap after GC invocations=90 (full 3):
 PSYoungGen      total 19968K, used 224K [0x00000000d5580000, 0x00000000d6a00000, 0x0000000100000000)
  eden space 18944K, 0% used [0x00000000d5580000,0x00000000d5580000,0x00000000d6800000)
  from space 1024K, 21% used [0x00000000d6800000,0x00000000d6838000,0x00000000d6900000)
  to   space 512K, 0% used [0x00000000d6980000,0x00000000d6980000,0x00000000d6a00000)
 ParOldGen       total 166400K, used 165221K [0x0000000080000000, 0x000000008a280000, 0x00000000d5580000)
  object space 166400K, 99% used [0x0000000080000000,0x000000008a1596d0,0x000000008a280000)
 Metaspace       used 66116K, committed 67712K, reserved 1114112K
  class space    used 7003K, committed 7680K, reserved 1048576K
}
Event: 57.243 GC heap before
{Heap before GC invocations=91 (full 3):
 PSYoungGen      total 19968K, used 19168K [0x00000000d5580000, 0x00000000d6a00000, 0x0000000100000000)
  eden space 18944K, 100% used [0x00000000d5580000,0x00000000d6800000,0x00000000d6800000)
  from space 1024K, 21% used [0x00000000d6800000,0x00000000d6838000,0x00000000d6900000)
  to   space 512K, 0% used [0x00000000d6980000,0x00000000d6980000,0x00000000d6a00000)
 ParOldGen       total 166400K, used 165221K [0x0000000080000000, 0x000000008a280000, 0x00000000d5580000)
  object space 166400K, 99% used [0x0000000080000000,0x000000008a1596d0,0x000000008a280000)
 Metaspace       used 66650K, committed 68288K, reserved 1114112K
  class space    used 7050K, committed 7744K, reserved 1048576K
}
Event: 57.246 GC heap after
{Heap after GC invocations=91 (full 3):
 PSYoungGen      total 18944K, used 503K [0x00000000d5580000, 0x00000000d6c00000, 0x0000000100000000)
  eden space 18432K, 0% used [0x00000000d5580000,0x00000000d5580000,0x00000000d6780000)
  from space 512K, 98% used [0x00000000d6980000,0x00000000d69fdfa0,0x00000000d6a00000)
  to   space 2048K, 0% used [0x00000000d6780000,0x00000000d6780000,0x00000000d6980000)
 ParOldGen       total 166912K, used 166466K [0x0000000080000000, 0x000000008a300000, 0x00000000d5580000)
  object space 166912K, 99% used [0x0000000080000000,0x000000008a290950,0x000000008a300000)
 Metaspace       used 66650K, committed 68288K, reserved 1114112K
  class space    used 7050K, committed 7744K, reserved 1048576K
}

