# JRE version: OpenJDK Runtime Environment Temurin-21.0.9+10 (21.0.9+10) (build 21.0.9+10-LTS)
# Java VM: OpenJDK 64-Bit Server VM Temurin-21.0.9+10 (21.0.9+10-LTS, mixed mode, emulated-client, sharing, tiered, compressed oops, compressed class ptrs, g1 gc, windows-amd64)
GC Precious Log:
 CardTable entry size: 512
 Card Set container configuration: InlinePtr #cards 5 size 8 Array Of Cards #cards 12 size 40 Howl #buckets 4 coarsen threshold 1843 Howl Bitmap #cards 512 size 80 coarsen threshold 460 Card regions per heap region 1 cards per card region 2048
 CPUs: 8 total, 8 available
 Memory: 7934M
 Large Page Support: Disabled
 NUMA Support: Disabled
 Compressed Oops: Enabled (32-bit)
 Heap Region Size: 1M
 Heap Min Capacity: 8M
 Heap Initial Capacity: 124M
 Heap Max Capacity: 1984M
 Pre-touch: Disabled
 Parallel Workers: 8
 Concurrent Workers: 2
 Concurrent Refinement Workers: 8
 Periodic GC: Disabled
Heap:
 garbage-first heap   total 138240K, used 77045K [0x0000000084000000, 0x0000000100000000)
  region size 1024K, 4 young (4096K), 4 survivors (4096K)
 Metaspace       used 31686K, committed 32320K, reserved 1114112K
  class space    used 4262K, committed 4544K, reserved 1048576K
GC Heap History (20 events):
Event: 41.991 GC heap after
{Heap after GC invocations=12 (full 0):
 garbage-first heap   total 77824K, used 37331K [0x0000000084000000, 0x0000000100000000)
  region size 1024K, 4 young (4096K), 4 survivors (4096K)
 Metaspace       used 29015K, committed 29504K, reserved 1114112K
  class space    used 4070K, committed 4288K, reserved 1048576K
}
Event: 42.119 GC heap before
{Heap before GC invocations=12 (full 0):
 garbage-first heap   total 77824K, used 64979K [0x0000000084000000, 0x0000000100000000)
  region size 1024K, 31 young (31744K), 4 survivors (4096K)
 Metaspace       used 29015K, committed 29504K, reserved 1114112K
  class space    used 4070K, committed 4288K, reserved 1048576K
}
Event: 42.128 GC heap after
{Heap after GC invocations=13 (full 0):
 garbage-first heap   total 77824K, used 44792K [0x0000000084000000, 0x0000000100000000)
  region size 1024K, 4 young (4096K), 4 survivors (4096K)
 Metaspace       used 29015K, committed 29504K, reserved 1114112K
  class space    used 4070K, committed 4288K, reserved 1048576K
}
Event: 42.369 GC heap before
{Heap before GC invocations=13 (full 0):
 garbage-first heap   total 77824K, used 65272K [0x0000000084000000, 0x0000000100000000)
  region size 1024K, 25 young (25600K), 4 survivors (4096K)
 Metaspace       used 29520K, committed 30016K, reserved 1114112K
  class space    used 4120K, committed 4352K, reserved 1048576K
}
Event: 42.376 GC heap after
{Heap after GC invocations=14 (full 0):
 garbage-first heap   total 77824K, used 49470K [0x0000000084000000, 0x0000000100000000)
  region size 1024K, 4 young (4096K), 4 survivors (4096K)
 Metaspace       used 29520K, committed 30016K, reserved 1114112K
  class space    used 4120K, committed 4352K, reserved 1048576K
}
Event: 42.740 GC heap before
{Heap before GC invocations=15 (full 0):
 garbage-first heap   total 83968K, used 66878K [0x0000000084000000, 0x0000000100000000)
  region size 1024K, 21 young (21504K), 4 survivors (4096K)
 Metaspace       used 31149K, committed 31680K, reserved 1114112K
  class space    used 4232K, committed 4480K, reserved 1048576K
}
Event: 42.747 GC heap after
{Heap after GC invocations=16 (full 0):
 garbage-first heap   total 83968K, used 53726K [0x0000000084000000, 0x0000000100000000)
  region size 1024K, 3 young (3072K), 3 survivors (3072K)
 Metaspace       used 31149K, committed 31680K, reserved 1114112K
  class space    used 4232K, committed 4480K, reserved 1048576K
}
Event: 42.909 GC heap before
{Heap before GC invocations=16 (full 0):
 garbage-first heap   total 83968K, used 73182K [0x0000000084000000, 0x0000000100000000)
  region size 1024K, 22 young (22528K), 3 survivors (3072K)
 Metaspace       used 31441K, committed 32064K, reserved 1114112K
  class space    used 4261K, committed 4544K, reserved 1048576K
}
Event: 42.920 GC heap after
{Heap after GC invocations=17 (full 0):
 garbage-first heap   total 88064K, used 63961K [0x0000000084000000, 0x0000000100000000)
  region size 1024K, 3 young (3072K), 3 survivors (3072K)
 Metaspace       used 31441K, committed 32064K, reserved 1114112K
  class space    used 4261K, committed 4544K, reserved 1048576K
}
Event: 42.959 GC heap before
{Heap before GC invocations=17 (full 0):
 garbage-first heap   total 88064K, used 75225K [0x0000000084000000, 0x0000000100000000)
  region size 1024K, 15 young (15360K), 3 survivors (3072K)
 Metaspace       used 31530K, committed 32128K, reserved 1114112K
  class space    used 4270K, committed 4544K, reserved 1048576K
}
Event: 42.981 GC heap after
{Heap after GC invocations=18 (full 0):
 garbage-first heap   total 138240K, used 71402K [0x0000000084000000, 0x0000000100000000)
  region size 1024K, 2 young (2048K), 2 survivors (2048K)
 Metaspace       used 31530K, committed 32128K, reserved 1114112K
  class space    used 4270K, committed 4544K, reserved 1048576K
}
Event: 43.056 GC heap before
{Heap before GC invocations=18 (full 0):
 garbage-first heap   total 138240K, used 103146K [0x0000000084000000, 0x0000000100000000)
  region size 1024K, 34 young (34816K), 2 survivors (2048K)
 Metaspace       used 31557K, committed 32128K, reserved 1114112K
  class space    used 4278K, committed 4544K, reserved 1048576K
}
Event: 43.060 GC heap after
{Heap after GC invocations=19 (full 0):
 garbage-first heap   total 138240K, used 73358K [0x0000000084000000, 0x0000000100000000)
  region size 1024K, 4 young (4096K), 4 survivors (4096K)
 Metaspace       used 31557K, committed 32128K, reserved 1114112K
  class space    used 4278K, committed 4544K, reserved 1048576K
}
Event: 43.112 GC heap before
{Heap before GC invocations=20 (full 0):
 garbage-first heap   total 138240K, used 105102K [0x0000000084000000, 0x0000000100000000)
  region size 1024K, 38 young (38912K), 4 survivors (4096K)
 Metaspace       used 31560K, committed 32256K, reserved 1114112K
  class space    used 4246K, committed 4544K, reserved 1048576K
}
Event: 43.116 GC heap after
{Heap after GC invocations=21 (full 0):
 garbage-first heap   total 138240K, used 72741K [0x0000000084000000, 0x0000000100000000)
  region size 1024K, 4 young (4096K), 4 survivors (4096K)
 Metaspace       used 31560K, committed 32256K, reserved 1114112K
  class space    used 4246K, committed 4544K, reserved 1048576K
}
Event: 43.150 GC heap before
{Heap before GC invocations=21 (full 0):
 garbage-first heap   total 138240K, used 109605K [0x0000000084000000, 0x0000000100000000)
  region size 1024K, 41 young (41984K), 4 survivors (4096K)
 Metaspace       used 31651K, committed 32256K, reserved 1114112K
  class space    used 4257K, committed 4544K, reserved 1048576K
}
Event: 43.154 GC heap after
{Heap after GC invocations=22 (full 0):
 garbage-first heap   total 138240K, used 72774K [0x0000000084000000, 0x0000000100000000)
  region size 1024K, 4 young (4096K), 4 survivors (4096K)
 Metaspace       used 31651K, committed 32256K, reserved 1114112K
  class space    used 4257K, committed 4544K, reserved 1048576K
}
Event: 43.214 GC heap before
{Heap before GC invocations=22 (full 0):
 garbage-first heap   total 138240K, used 114758K [0x0000000084000000, 0x0000000100000000)
  region size 1024K, 46 young (47104K), 4 survivors (4096K)
 Metaspace       used 31686K, committed 32320K, reserved 1114112K
  class space    used 4262K, committed 4544K, reserved 1048576K
}
Event: 43.218 GC heap after
{Heap after GC invocations=23 (full 0):
 garbage-first heap   total 138240K, used 75095K [0x0000000084000000, 0x0000000100000000)
  region size 1024K, 4 young (4096K), 4 survivors (4096K)
 Metaspace       used 31686K, committed 32320K, reserved 1114112K
  class space    used 4262K, committed 4544K, reserved 1048576K
}
Event: 43.246 GC heap before
{Heap before GC invocations=23 (full 0):
 garbage-first heap   total 138240K, used 118103K [0x0000000084000000, 0x0000000100000000)
  region size 1024K, 47 young (48128K), 4 survivors (4096K)
 Metaspace       used 31686K, committed 32320K, reserved 1114112K
  class space    used 4262K, committed 4544K, reserved 1048576K
}

