<?xml version="1.0" encoding="UTF-8"?>
<testsuite xmlns:xsi="http://www.w3.org/2001/XMLSchema-instance" xsi:noNamespaceSchemaLocation="https://maven.apache.org/surefire/maven-surefire-plugin/xsd/surefire-test-report-3.0.xsd" version="3.0" name="com.mit.ticket_mgt_api.TicketMgtApiApplicationTests" time="14.545" tests="1" errors="0" skipped="0" failures="0">
  <properties>
[...]
</properties>
  <testcase name="contextLoads" classname="com.mit.ticket_mgt_api.TicketMgtApiApplicationTests" time="3.169">
    <system-out><![CDATA[11:10:28.345 [main] INFO org.springframework.test.context.support.AnnotationConfigContextLoaderUtils -- Could not detect default configuration classes for test class [com.mit.ticket_mgt_api.TicketMgtApiApplicationTests]: TicketMgtApiApplicationTests does not declare any static, non-private, non-final, nested classes annotated with @Configuration.
11:10:28.653 [main] INFO org.springframework.boot.test.context.SpringBootTestContextBootstrapper -- Found @SpringBootConfiguration com.mit.ticket_mgt_api.TicketMgtApiApplication for test class com.mit.ticket_mgt_api.TicketMgtApiApplicationTests

  .   ____          _            __ _ _
 /\\ / ___'_ __ _ _(_)_ __  __ _ \ \ \ \
( ( )\___ | '_ | '_| | '_ \/ _` | \ \ \ \
 \\/  ___)| |_)| | | | | || (_| |  ) ) ) )
  '  |____| .__|_| |_|_| |_\__, | / / / /
 =========|_|==============|___/=/_/_/_/
 :: Spring Boot ::                (v3.2.2)

2026-02-18T11:10:29.844Z  INFO 20500 --- [ticket-mgt-api] [           main] c.m.t.TicketMgtApiApplicationTests       : Starting TicketMgtApiApplicationTests using Java 21.0.9 with PID 20500 (started by Glymin Terra Selasi in C:\Users\Glymin Terra Selasi\tickets_main\ticket_api)
2026-02-18T11:10:29.847Z  INFO 20500 --- [ticket-mgt-api] [           main] c.m.t.TicketMgtApiApplicationTests       : The following 1 profile is active: "dev"
2026-02-18T11:10:39.077Z  INFO 20500 --- [ticket-mgt-api] [           main] c.m.t.TicketMgtApiApplicationTests       : Started TicketMgtApiApplicationTests in 10.035 seconds (process running for 13.609)
]]></system-out>
    <system-err><![CDATA[WARNING: A Java agent has been loaded dynamically (C:\Users\Glymin Terra Selasi\.m2\repository\net\bytebuddy\byte-buddy-agent\1.14.11\byte-buddy-agent-1.14.11.jar)
WARNING: If a serviceability tool is in use, please run with -XX:+EnableDynamicAgentLoading to hide this warning
WARNING: If a serviceability tool is not in use, please run with -Djdk.instrument.traceUsage for more information
WARNING: Dynamic loading of agents will be disallowed by default in a future release
]]></system-err>
  </testcase>
</testsuite>